This is pdfTeX, Version 3.1415926-2.4-1.40.13 (TeX Live 2012/Debian) (format=pdflatex 2016.3.1)  4 MAR 2016 16:40
entering extended mode
 restricted \write18 enabled.
 %&-line parsing enabled.
**humanAwareNav.tex
(./humanAwareNav.tex
LaTeX2e <2011/06/27>
Babel <v3.8m> and hyphenation patterns for english, dumylang, nohyphenation, et
hiopic, farsi, arabic, pinyin, croatian, bulgarian, ukrainian, russian, slovak,
 czech, danish, dutch, usenglishmax, ukenglish, finnish, french, basque, ngerma
n, german, swissgerman, ngerman-x-2012-05-30, german-x-2012-05-30, monogreek, g
reek, ibycus, ancientgreek, hungarian, bengali, tamil, hindi, telugu, gujarati,
 sanskrit, malayalam, kannada, assamese, marathi, oriya, panjabi, italian, lati
n, latvian, lithuanian, mongolian, mongolianlmc, nynorsk, bokmal, indonesian, e
speranto, coptic, welsh, irish, interlingua, serbian, serbianc, slovenian, friu
lan, romansh, estonian, romanian, armenian, uppersorbian, turkish, afrikaans, i
celandic, kurmanji, polish, portuguese, galician, catalan, spanish, swedish, lo
aded.
(./ieeeconf.cls

LaTeX Warning: You have requested document class `ieeeconf',
               but the document class provides `cssconf'.

Document Class: cssconf 2004/1/15 revision V1.6b by Pradeep Misra
\@IEEEtrantmpdimenA=\dimen102
\@IEEEtrantmpdimenB=\dimen103
\@IEEEtrantmpcountA=\count79
\@IEEEtrantmpcountB=\count80
\@IEEEtrantmptoksA=\toks14
LaTeX Font Info:    Try loading font information for OT1+ptm on input line 794.

(/usr/share/texlive/texmf-dist/tex/latex/psnfss/ot1ptm.fd
File: ot1ptm.fd 2001/06/04 font definitions for OT1/ptm.
)
\@IEEEnormalsizefontbaselineskip=\skip41

-- This is a 10 point document.
\normalsizebaselineskip=\skip42
\normaljot=\skip43
LaTeX Font Info:    Font shape `OT1/ptm/bx/n' in size <5> not available
(Font)              Font shape `OT1/ptm/b/n' tried instead on input line 1113.
LaTeX Font Info:    Font shape `OT1/ptm/bx/it' in size <5> not available
(Font)              Font shape `OT1/ptm/b/it' tried instead on input line 1113.

LaTeX Font Info:    Font shape `OT1/ptm/bx/n' in size <7> not available
(Font)              Font shape `OT1/ptm/b/n' tried instead on input line 1113.
LaTeX Font Info:    Font shape `OT1/ptm/bx/it' in size <7> not available
(Font)              Font shape `OT1/ptm/b/it' tried instead on input line 1113.

LaTeX Font Info:    Font shape `OT1/ptm/bx/n' in size <8> not available
(Font)              Font shape `OT1/ptm/b/n' tried instead on input line 1113.
LaTeX Font Info:    Font shape `OT1/ptm/bx/it' in size <8> not available
(Font)              Font shape `OT1/ptm/b/it' tried instead on input line 1113.

LaTeX Font Info:    Font shape `OT1/ptm/bx/n' in size <9> not available
(Font)              Font shape `OT1/ptm/b/n' tried instead on input line 1113.
LaTeX Font Info:    Font shape `OT1/ptm/bx/it' in size <9> not available
(Font)              Font shape `OT1/ptm/b/it' tried instead on input line 1113.

LaTeX Font Info:    Font shape `OT1/ptm/bx/n' in size <10> not available
(Font)              Font shape `OT1/ptm/b/n' tried instead on input line 1113.
LaTeX Font Info:    Font shape `OT1/ptm/bx/it' in size <10> not available
(Font)              Font shape `OT1/ptm/b/it' tried instead on input line 1113.

LaTeX Font Info:    Font shape `OT1/ptm/bx/n' in size <11> not available
(Font)              Font shape `OT1/ptm/b/n' tried instead on input line 1113.
LaTeX Font Info:    Font shape `OT1/ptm/bx/it' in size <11> not available
(Font)              Font shape `OT1/ptm/b/it' tried instead on input line 1113.

LaTeX Font Info:    Font shape `OT1/ptm/bx/n' in size <12> not available
(Font)              Font shape `OT1/ptm/b/n' tried instead on input line 1113.
LaTeX Font Info:    Font shape `OT1/ptm/bx/it' in size <12> not available
(Font)              Font shape `OT1/ptm/b/it' tried instead on input line 1113.

LaTeX Font Info:    Font shape `OT1/ptm/bx/n' in size <16> not available
(Font)              Font shape `OT1/ptm/b/n' tried instead on input line 1113.
LaTeX Font Info:    Font shape `OT1/ptm/bx/it' in size <16> not available
(Font)              Font shape `OT1/ptm/b/it' tried instead on input line 1113.

LaTeX Font Info:    Font shape `OT1/ptm/bx/n' in size <20> not available
(Font)              Font shape `OT1/ptm/b/n' tried instead on input line 1113.
LaTeX Font Info:    Font shape `OT1/ptm/bx/it' in size <20> not available
(Font)              Font shape `OT1/ptm/b/it' tried instead on input line 1113.

LaTeX Font Info:    Font shape `OT1/ptm/bx/n' in size <24> not available
(Font)              Font shape `OT1/ptm/b/n' tried instead on input line 1113.
LaTeX Font Info:    Font shape `OT1/ptm/bx/it' in size <24> not available
(Font)              Font shape `OT1/ptm/b/it' tried instead on input line 1113.

\IEEEilabelindentA=\dimen104
\IEEEilabelindentB=\dimen105
\IEEEilabelindent=\dimen106
\IEEEelabelindent=\dimen107
\IEEEdlabelindent=\dimen108
\labelindent=\dimen109
\IEEEiednormlabelsep=\dimen110
\IEEEiedmathlabelsep=\dimen111
\IEEEiedtopsep=\skip44
\c@section=\count81
\c@subsection=\count82
\c@subsubsection=\count83
\c@paragraph=\count84
\c@IEEEsubequation=\count85
\abovecaptionskip=\skip45
\belowcaptionskip=\skip46
\c@figure=\count86
\c@table=\count87
\@IEEEeqnnumcols=\count88
\@IEEEeqncolcnt=\count89
\@IEEEtmpitemindent=\dimen112
\c@biography=\count90
\@IEEEtranrubishbin=\box26
)
** ATTENTION: Overriding command lockouts (line 10).
** ATTENTION: Overriding IEEE standard margins (line 13).
(/usr/share/texlive/texmf-dist/tex/latex/graphics/graphics.sty
Package: graphics 2009/02/05 v1.0o Standard LaTeX Graphics (DPC,SPQR)

(/usr/share/texlive/texmf-dist/tex/latex/graphics/trig.sty
Package: trig 1999/03/16 v1.09 sin cos tan (DPC)
)
(/usr/share/texlive/texmf-dist/tex/latex/latexconfig/graphics.cfg
File: graphics.cfg 2010/04/23 v1.9 graphics configuration of TeX Live
)
Package graphics Info: Driver file: pdftex.def on input line 91.

(/usr/share/texlive/texmf-dist/tex/latex/pdftex-def/pdftex.def
File: pdftex.def 2011/05/27 v0.06d Graphics/color for pdfTeX

(/usr/share/texlive/texmf-dist/tex/generic/oberdiek/infwarerr.sty
Package: infwarerr 2010/04/08 v1.3 Providing info/warning/error messages (HO)
)
(/usr/share/texlive/texmf-dist/tex/generic/oberdiek/ltxcmds.sty
Package: ltxcmds 2011/11/09 v1.22 LaTeX kernel commands for general use (HO)
)
\Gread@gobject=\count91
))
(/usr/share/texlive/texmf-dist/tex/latex/graphics/epsfig.sty
Package: epsfig 1999/02/16 v1.7a (e)psfig emulation (SPQR)

(/usr/share/texlive/texmf-dist/tex/latex/graphics/graphicx.sty
Package: graphicx 1999/02/16 v1.0f Enhanced LaTeX Graphics (DPC,SPQR)

(/usr/share/texlive/texmf-dist/tex/latex/graphics/keyval.sty
Package: keyval 1999/03/16 v1.13 key=value parser (DPC)
\KV@toks@=\toks15
)
\Gin@req@height=\dimen113
\Gin@req@width=\dimen114
)
\epsfxsize=\dimen115
\epsfysize=\dimen116
)
(/usr/share/texlive/texmf-dist/tex/latex/psnfss/mathptmx.sty
Package: mathptmx 2005/04/12 PSNFSS-v9.2a Times w/ Math, improved (SPQR, WaS) 
LaTeX Font Info:    Redeclaring symbol font `operators' on input line 28.
LaTeX Font Info:    Overwriting symbol font `operators' in version `normal'
(Font)                  OT1/cmr/m/n --> OT1/ztmcm/m/n on input line 28.
LaTeX Font Info:    Overwriting symbol font `operators' in version `bold'
(Font)                  OT1/cmr/bx/n --> OT1/ztmcm/m/n on input line 28.
LaTeX Font Info:    Redeclaring symbol font `letters' on input line 29.
LaTeX Font Info:    Overwriting symbol font `letters' in version `normal'
(Font)                  OML/cmm/m/it --> OML/ztmcm/m/it on input line 29.
LaTeX Font Info:    Overwriting symbol font `letters' in version `bold'
(Font)                  OML/cmm/b/it --> OML/ztmcm/m/it on input line 29.
LaTeX Font Info:    Redeclaring symbol font `symbols' on input line 30.
LaTeX Font Info:    Overwriting symbol font `symbols' in version `normal'
(Font)                  OMS/cmsy/m/n --> OMS/ztmcm/m/n on input line 30.
LaTeX Font Info:    Overwriting symbol font `symbols' in version `bold'
(Font)                  OMS/cmsy/b/n --> OMS/ztmcm/m/n on input line 30.
LaTeX Font Info:    Redeclaring symbol font `largesymbols' on input line 31.
LaTeX Font Info:    Overwriting symbol font `largesymbols' in version `normal'
(Font)                  OMX/cmex/m/n --> OMX/ztmcm/m/n on input line 31.
LaTeX Font Info:    Overwriting symbol font `largesymbols' in version `bold'
(Font)                  OMX/cmex/m/n --> OMX/ztmcm/m/n on input line 31.
\symbold=\mathgroup4
\symitalic=\mathgroup5
LaTeX Font Info:    Redeclaring math alphabet \mathbf on input line 34.
LaTeX Font Info:    Overwriting math alphabet `\mathbf' in version `normal'
(Font)                  OT1/cmr/bx/n --> OT1/ptm/bx/n on input line 34.
LaTeX Font Info:    Overwriting math alphabet `\mathbf' in version `bold'
(Font)                  OT1/cmr/bx/n --> OT1/ptm/bx/n on input line 34.
LaTeX Font Info:    Redeclaring math alphabet \mathit on input line 35.
LaTeX Font Info:    Overwriting math alphabet `\mathit' in version `normal'
(Font)                  OT1/cmr/m/it --> OT1/ptm/m/it on input line 35.
LaTeX Font Info:    Overwriting math alphabet `\mathit' in version `bold'
(Font)                  OT1/cmr/bx/it --> OT1/ptm/m/it on input line 35.
LaTeX Info: Redefining \hbar on input line 50.
)
(/usr/share/texlive/texmf-dist/tex/latex/psnfss/times.sty
Package: times 2005/04/12 PSNFSS-v9.2a (SPQR) 
)
(/usr/share/texlive/texmf-dist/tex/latex/amsmath/amsmath.sty
Package: amsmath 2000/07/18 v2.13 AMS math features
\@mathmargin=\skip47

For additional information on amsmath, use the `?' option.
(/usr/share/texlive/texmf-dist/tex/latex/amsmath/amstext.sty
Package: amstext 2000/06/29 v2.01

(/usr/share/texlive/texmf-dist/tex/latex/amsmath/amsgen.sty
File: amsgen.sty 1999/11/30 v2.0
\@emptytoks=\toks16
\ex@=\dimen117
))
(/usr/share/texlive/texmf-dist/tex/latex/amsmath/amsbsy.sty
Package: amsbsy 1999/11/29 v1.2d
\pmbraise@=\dimen118
)
(/usr/share/texlive/texmf-dist/tex/latex/amsmath/amsopn.sty
Package: amsopn 1999/12/14 v2.01 operator names
)
\inf@bad=\count92
LaTeX Info: Redefining \frac on input line 211.
\uproot@=\count93
\leftroot@=\count94
LaTeX Info: Redefining \overline on input line 307.
\classnum@=\count95
\DOTSCASE@=\count96
LaTeX Info: Redefining \ldots on input line 379.
LaTeX Info: Redefining \dots on input line 382.
LaTeX Info: Redefining \cdots on input line 467.
\Mathstrutbox@=\box27
\strutbox@=\box28
\big@size=\dimen119
LaTeX Font Info:    Redeclaring font encoding OML on input line 567.
LaTeX Font Info:    Redeclaring font encoding OMS on input line 568.
\macc@depth=\count97
\c@MaxMatrixCols=\count98
\dotsspace@=\muskip10
\c@parentequation=\count99
\dspbrk@lvl=\count100
\tag@help=\toks17
\row@=\count101
\column@=\count102
\maxfields@=\count103
\andhelp@=\toks18
\eqnshift@=\dimen120
\alignsep@=\dimen121
\tagshift@=\dimen122
\tagwidth@=\dimen123
\totwidth@=\dimen124
\lineht@=\dimen125
\@envbody=\toks19
\multlinegap=\skip48
\multlinetaggap=\skip49
\mathdisplay@stack=\toks20
LaTeX Info: Redefining \[ on input line 2666.
LaTeX Info: Redefining \] on input line 2667.
)
(/usr/share/texlive/texmf-dist/tex/latex/amsfonts/amssymb.sty
Package: amssymb 2009/06/22 v3.00

(/usr/share/texlive/texmf-dist/tex/latex/amsfonts/amsfonts.sty
Package: amsfonts 2009/06/22 v3.00 Basic AMSFonts support
\symAMSa=\mathgroup6
\symAMSb=\mathgroup7
LaTeX Font Info:    Overwriting math alphabet `\mathfrak' in version `bold'
(Font)                  U/euf/m/n --> U/euf/b/n on input line 96.
))
(/usr/share/texlive/texmf-dist/tex/latex/cite/cite.sty
LaTeX Info: Redefining \cite on input line 302.
LaTeX Info: Redefining \nocite on input line 373.
Package: cite 2010/09/10  v 5.3
)
(/usr/share/texlive/texmf-dist/tex/latex/graphics/color.sty
Package: color 2005/11/14 v1.0j Standard LaTeX Color (DPC)

(/usr/share/texlive/texmf-dist/tex/latex/latexconfig/color.cfg
File: color.cfg 2007/01/18 v1.5 color configuration of teTeX/TeXLive
)
Package color Info: Driver file: pdftex.def on input line 130.
)
(/usr/share/texlive/texmf-dist/tex/latex/subfig/subfig.sty
Package: subfig 2005/06/28 ver: 1.3 subfig package


Package subfig Warning: Your document class has a bad definition
 of \endfigure, most likely
 \let\endfigure=\end@float
 which has now been changed to
 \def\endfigure{\end@float}
 because otherwise subsequent changes to \end@float
 (like done by several packages changing float behaviour)
 can't take effect on \endfigure.
 Please complain to your document class author.


Package subfig Warning: Your document class has a bad definition
 of \endtable, most likely
 \let\endtable=\end@float
 which has now been changed to
 \def\endtable{\end@float}
 because otherwise subsequent changes to \end@float
 (like done by several packages changing float behaviour)
 can't take effect on \endtable.
 Please complain to your document class author.

(/usr/share/texlive/texmf-dist/tex/latex/caption/caption3.sty
Package: caption3 2012/01/12 v1.4b caption3 kernel (AR)
\captionmargin=\dimen126
\captionmargin@=\dimen127
\captionwidth=\dimen128
\caption@indent=\dimen129
\caption@parindent=\dimen130
\caption@hangindent=\dimen131
Package caption Info: Unknown document class (or package),
(caption)             standard defaults will be used.
)
\c@KVtest=\count104
\sf@farskip=\skip50
\sf@captopadj=\dimen132
\sf@capskip=\skip51
\sf@nearskip=\skip52
\c@subfigure=\count105
\c@subfigure@save=\count106
\c@lofdepth=\count107
\c@subtable=\count108
\c@subtable@save=\count109
\c@lotdepth=\count110
\sf@top=\skip53
\sf@bottom=\skip54
)
(/usr/share/texlive/texmf-dist/tex/latex/algorithms/algorithmic.sty
Package: algorithmic 2009/08/24 v0.1 Document Style `algorithmic'

(/usr/share/texlive/texmf-dist/tex/latex/base/ifthen.sty
Package: ifthen 2001/05/26 v1.1c Standard LaTeX ifthen package (DPC)
)
\c@ALC@unique=\count111
\c@ALC@line=\count112
\c@ALC@rem=\count113
\c@ALC@depth=\count114
\ALC@tlm=\skip55
\algorithmicindent=\skip56
)
(/usr/share/texlive/texmf-dist/tex/latex/algorithms/algorithm.sty
Package: algorithm 2009/08/24 v0.1 Document Style `algorithm' - floating enviro
nment

(/usr/share/texlive/texmf-dist/tex/latex/float/float.sty
Package: float 2001/11/08 v1.3d Float enhancements (AL)
\c@float@type=\count115
\float@exts=\toks21
\float@box=\box29
\@float@everytoks=\toks22
\@floatcapt=\box30
)
\@float@every@algorithm=\toks23
\c@algorithm=\count116
) (./humanAwareNav.aux)
\openout1 = `humanAwareNav.aux'.

LaTeX Font Info:    Checking defaults for OML/cmm/m/it on input line 56.
LaTeX Font Info:    ... okay on input line 56.
LaTeX Font Info:    Checking defaults for T1/cmr/m/n on input line 56.
LaTeX Font Info:    ... okay on input line 56.
LaTeX Font Info:    Checking defaults for OT1/cmr/m/n on input line 56.
LaTeX Font Info:    ... okay on input line 56.
LaTeX Font Info:    Checking defaults for OMS/cmsy/m/n on input line 56.
LaTeX Font Info:    ... okay on input line 56.
LaTeX Font Info:    Checking defaults for OMX/cmex/m/n on input line 56.
LaTeX Font Info:    ... okay on input line 56.
LaTeX Font Info:    Checking defaults for U/cmr/m/n on input line 56.
LaTeX Font Info:    ... okay on input line 56.
 (/usr/share/texlive/texmf-dist/tex/context/base/supp-pdf.mkii
[Loading MPS to PDF converter (version 2006.09.02).]
\scratchcounter=\count117
\scratchdimen=\dimen133
\scratchbox=\box31
\nofMPsegments=\count118
\nofMParguments=\count119
\everyMPshowfont=\toks24
\MPscratchCnt=\count120
\MPscratchDim=\dimen134
\MPnumerator=\count121
\makeMPintoPDFobject=\count122
\everyMPtoPDFconversion=\toks25
) (/usr/share/texlive/texmf-dist/tex/generic/oberdiek/pdftexcmds.sty
Package: pdftexcmds 2011/11/29 v0.20 Utility functions of pdfTeX for LuaTeX (HO
)

(/usr/share/texlive/texmf-dist/tex/generic/oberdiek/ifluatex.sty
Package: ifluatex 2010/03/01 v1.3 Provides the ifluatex switch (HO)
Package ifluatex Info: LuaTeX not detected.
)
(/usr/share/texlive/texmf-dist/tex/generic/oberdiek/ifpdf.sty
Package: ifpdf 2011/01/30 v2.3 Provides the ifpdf switch (HO)
Package ifpdf Info: pdfTeX in PDF mode is detected.
)
Package pdftexcmds Info: LuaTeX not detected.
Package pdftexcmds Info: \pdf@primitive is available.
Package pdftexcmds Info: \pdf@ifprimitive is available.
Package pdftexcmds Info: \pdfdraftmode found.
)
(/usr/share/texlive/texmf-dist/tex/latex/oberdiek/epstopdf-base.sty
Package: epstopdf-base 2010/02/09 v2.5 Base part for package epstopdf

(/usr/share/texlive/texmf-dist/tex/latex/oberdiek/grfext.sty
Package: grfext 2010/08/19 v1.1 Manage graphics extensions (HO)

(/usr/share/texlive/texmf-dist/tex/generic/oberdiek/kvdefinekeys.sty
Package: kvdefinekeys 2011/04/07 v1.3 Define keys (HO)
))
(/usr/share/texlive/texmf-dist/tex/latex/oberdiek/kvoptions.sty
Package: kvoptions 2011/06/30 v3.11 Key value format for package options (HO)

(/usr/share/texlive/texmf-dist/tex/generic/oberdiek/kvsetkeys.sty
Package: kvsetkeys 2012/04/25 v1.16 Key value parser (HO)

(/usr/share/texlive/texmf-dist/tex/generic/oberdiek/etexcmds.sty
Package: etexcmds 2011/02/16 v1.5 Avoid name clashes with e-TeX commands (HO)
Package etexcmds Info: Could not find \expanded.
(etexcmds)             That can mean that you are not using pdfTeX 1.50 or
(etexcmds)             that some package has redefined \expanded.
(etexcmds)             In the latter case, load this package earlier.
)))
Package grfext Info: Graphics extension search list:
(grfext)             [.png,.pdf,.jpg,.mps,.jpeg,.jbig2,.jb2,.PNG,.PDF,.JPG,.JPE
G,.JBIG2,.JB2,.eps]
(grfext)             \AppendGraphicsExtensions on input line 452.

(/usr/share/texlive/texmf-dist/tex/latex/latexconfig/epstopdf-sys.cfg
File: epstopdf-sys.cfg 2010/07/13 v1.3 Configuration of (r)epstopdf for TeX Liv
e
))
Package caption Info: Begin \AtBeginDocument code.
Package caption Info: subfig package v1.3 is loaded.
Package caption Info: End \AtBeginDocument code.
LaTeX Font Info:    Calculating math sizes for size <11> on input line 60.
LaTeX Font Info:    Try loading font information for OT1+ztmcm on input line 60
.

(/usr/share/texlive/texmf-dist/tex/latex/psnfss/ot1ztmcm.fd
File: ot1ztmcm.fd 2000/01/03 Fontinst v1.801 font definitions for OT1/ztmcm.
)
LaTeX Font Info:    Try loading font information for OML+ztmcm on input line 60
.

(/usr/share/texlive/texmf-dist/tex/latex/psnfss/omlztmcm.fd
File: omlztmcm.fd 2000/01/03 Fontinst v1.801 font definitions for OML/ztmcm.
)
LaTeX Font Info:    Try loading font information for OMS+ztmcm on input line 60
.

(/usr/share/texlive/texmf-dist/tex/latex/psnfss/omsztmcm.fd
File: omsztmcm.fd 2000/01/03 Fontinst v1.801 font definitions for OMS/ztmcm.
)
LaTeX Font Info:    Try loading font information for OMX+ztmcm on input line 60
.

(/usr/share/texlive/texmf-dist/tex/latex/psnfss/omxztmcm.fd
File: omxztmcm.fd 2000/01/03 Fontinst v1.801 font definitions for OMX/ztmcm.
)
LaTeX Font Info:    Font shape `OT1/ptm/bx/n' in size <8.14006> not available
(Font)              Font shape `OT1/ptm/b/n' tried instead on input line 60.
LaTeX Font Info:    Font shape `OT1/ptm/bx/n' in size <6.60007> not available
(Font)              Font shape `OT1/ptm/b/n' tried instead on input line 60.
LaTeX Font Info:    Font shape `OT1/ptm/bx/n' in size <6> not available
(Font)              Font shape `OT1/ptm/b/n' tried instead on input line 60.
LaTeX Font Info:    Try loading font information for OT1+pcr on input line 60.

(/usr/share/texlive/texmf-dist/tex/latex/psnfss/ot1pcr.fd
File: ot1pcr.fd 2001/06/04 font definitions for OT1/pcr.
)
LaTeX Font Info:    Try loading font information for OMS+pcr on input line 60.

(/usr/share/texlive/texmf-dist/tex/latex/psnfss/omspcr.fd
File: omspcr.fd 
)
LaTeX Font Info:    Font shape `OMS/pcr/m/n' in size <9> not available
(Font)              Font shape `OMS/cmsy/m/n' tried instead on input line 60.

Underfull \hbox (badness 10000) in paragraph at lines 60--60
[][][]$[]$\OT1/ptm/m/n/8 Distributed In-tel-li-gent Sys-tems and Al-go-rithms L
ab-o-ra-tory,
 []


Underfull \hbox (badness 1635) in paragraph at lines 60--60
\OT1/ptm/m/n/8 School of Ar-chi-tec-ture, Civil and En-vi-ron-men-tal En-gi-nee
r-ing, []Ecole
 []


Underfull \hbox (badness 10000) in paragraph at lines 60--60
\OT1/ptm/m/n/8 Poly-tech-nique F[]ed[]erale de Lau-sanne \OMS/cmsy/m/n/9 f\OT1/
pcr/m/n/9 zeynab.talebpour,
 []


Underfull \hbox (badness 10000) in paragraph at lines 60--60
[][][]$[]$\OT1/ptm/m/n/8 Rodrigo Ven-tura, In-sti-tute for Sys-tems and Robotic
s,
 []


Underfull \hbox (badness 10000) in paragraph at lines 60--60
\OT1/ptm/m/n/8 In-sti-tuto Su-pe-rior T[]ecnico, Uni-ver-si-dade de Lis-boa, Po
r-tu-gal
 []

(./abstract.tex) (./intro.tex
pdfTeX warning (Object streams): \pdfobjcompresslevel > 0 requires \pdfminorver
sion > 4. Object streams disabled now.
[1{/var/lib/texmf/fonts/map/pdftex/updmap/pdftex.map}


]) (./background.tex
Underfull \hbox (badness 1895) in paragraph at lines 20--21
[]\OT1/ptm/m/n/10 We be-lieve that un-cer-tainty of per-cep-tion in so-cial
 []

) (./perception_model.tex [2]
LaTeX Font Info:    Font shape `OT1/ptm/bx/n' in size <7.4> not available
(Font)              Font shape `OT1/ptm/b/n' tried instead on input line 27.
) (./social_navigation_model.tex [3] [4])
(./experimental_setup.tex
<pictures/robot.jpg, id=26, 919.435pt x 1869.98625pt>
File: pictures/robot.jpg Graphic file (type jpg)
 <use pictures/robot.jpg>
Package pdftex.def Info: pictures/robot.jpg used on input line 10.
(pdftex.def)             Requested size: 65.76816pt x 133.73724pt.

<pictures/arena.png, id=27, 830.10126pt x 823.075pt>
File: pictures/arena.png Graphic file (type png)
 <use pictures/arena.png>
Package pdftex.def Info: pictures/arena.png used on input line 12.
(pdftex.def)             Requested size: 151.76854pt x 150.4831pt.

[5 <./pictures/robot.jpg> <./pictures/arena.png>]) (./results.tex
Package epstopdf Info: Source file: <pictures/traj1.eps>
(epstopdf)                    date: 2016-03-04 16:22:23
(epstopdf)                    size: 14576 bytes
(epstopdf)             Output file: <pictures/traj1-eps-converted-to.pdf>
(epstopdf)                    date: 2016-03-04 16:22:53
(epstopdf)                    size: 12054 bytes
(epstopdf)             Command: <repstopdf --outfile=pictures/traj1-eps-convert
ed-to.pdf pictures/traj1.eps>
(epstopdf)             \includegraphics on input line 26.
Package epstopdf Info: Output file is already uptodate.

<pictures/traj1-eps-converted-to.pdf, id=32, 293.095pt x 656.4525pt>
File: pictures/traj1-eps-converted-to.pdf Graphic file (type pdf)

<use pictures/traj1-eps-converted-to.pdf>
Package pdftex.def Info: pictures/traj1-eps-converted-to.pdf used on input line
 26.
(pdftex.def)             Requested size: 86.00037pt x 192.61008pt.
Package epstopdf Info: Source file: <pictures/traj2.eps>
(epstopdf)                    date: 2016-03-04 16:22:23
(epstopdf)                    size: 11975 bytes
(epstopdf)             Output file: <pictures/traj2-eps-converted-to.pdf>
(epstopdf)                    date: 2016-03-04 16:22:53
(epstopdf)                    size: 10071 bytes
(epstopdf)             Command: <repstopdf --outfile=pictures/traj2-eps-convert
ed-to.pdf pictures/traj2.eps>
(epstopdf)             \includegraphics on input line 28.
Package epstopdf Info: Output file is already uptodate.

<pictures/traj2-eps-converted-to.pdf, id=33, 293.095pt x 656.4525pt>
File: pictures/traj2-eps-converted-to.pdf Graphic file (type pdf)

<use pictures/traj2-eps-converted-to.pdf>
Package pdftex.def Info: pictures/traj2-eps-converted-to.pdf used on input line
 28.
(pdftex.def)             Requested size: 86.00037pt x 192.61008pt.
Package epstopdf Info: Source file: <pictures/traj3.eps>
(epstopdf)                    date: 2016-03-04 16:22:23
(epstopdf)                    size: 12442 bytes
(epstopdf)             Output file: <pictures/traj3-eps-converted-to.pdf>
(epstopdf)                    date: 2016-03-04 16:22:54
(epstopdf)                    size: 10348 bytes
(epstopdf)             Command: <repstopdf --outfile=pictures/traj3-eps-convert
ed-to.pdf pictures/traj3.eps>
(epstopdf)             \includegraphics on input line 30.
Package epstopdf Info: Output file is already uptodate.

<pictures/traj3-eps-converted-to.pdf, id=34, 293.095pt x 654.445pt>
File: pictures/traj3-eps-converted-to.pdf Graphic file (type pdf)

<use pictures/traj3-eps-converted-to.pdf>
Package pdftex.def Info: pictures/traj3-eps-converted-to.pdf used on input line
 30.
(pdftex.def)             Requested size: 86.00037pt x 192.02106pt.

Overfull \hbox (12.28299pt too wide) in paragraph at lines 26--32
[][][][] 
 []

Package epstopdf Info: Source file: <pictures/m1.eps>
(epstopdf)                    date: 2016-03-04 16:22:23
(epstopdf)                    size: 8900 bytes
(epstopdf)             Output file: <pictures/m1-eps-converted-to.pdf>
(epstopdf)                    date: 2016-03-04 16:22:54
(epstopdf)                    size: 7231 bytes
(epstopdf)             Command: <repstopdf --outfile=pictures/m1-eps-converted-
to.pdf pictures/m1.eps>
(epstopdf)             \includegraphics on input line 40.
Package epstopdf Info: Output file is already uptodate.
<pictures/m1-eps-converted-to.pdf, id=35, 170.6375pt x 337.26pt>
File: pictures/m1-eps-converted-to.pdf Graphic file (type pdf)

<use pictures/m1-eps-converted-to.pdf>
Package pdftex.def Info: pictures/m1-eps-converted-to.pdf used on input line 40
.
(pdftex.def)             Requested size: 88.53229pt x 174.98509pt.
Package epstopdf Info: Source file: <pictures/m2.eps>
(epstopdf)                    date: 2016-03-04 16:22:23
(epstopdf)                    size: 8816 bytes
(epstopdf)             Output file: <pictures/m2-eps-converted-to.pdf>
(epstopdf)                    date: 2016-03-04 16:22:54
(epstopdf)                    size: 7079 bytes
(epstopdf)             Command: <repstopdf --outfile=pictures/m2-eps-converted-
to.pdf pictures/m2.eps>
(epstopdf)             \includegraphics on input line 42.
Package epstopdf Info: Output file is already uptodate.

<pictures/m2-eps-converted-to.pdf, id=36, 170.6375pt x 338.26375pt>
File: pictures/m2-eps-converted-to.pdf Graphic file (type pdf)

<use pictures/m2-eps-converted-to.pdf>
Package pdftex.def Info: pictures/m2-eps-converted-to.pdf used on input line 42
.
(pdftex.def)             Requested size: 88.53229pt x 175.50587pt.
Package epstopdf Info: Source file: <pictures/m3.eps>
(epstopdf)                    date: 2016-03-04 16:22:23
(epstopdf)                    size: 9117 bytes
(epstopdf)             Output file: <pictures/m3-eps-converted-to.pdf>
(epstopdf)                    date: 2016-03-04 16:22:54
(epstopdf)                    size: 7150 bytes
(epstopdf)             Command: <repstopdf --outfile=pictures/m3-eps-converted-
to.pdf pictures/m3.eps>
(epstopdf)             \includegraphics on input line 44.
Package epstopdf Info: Output file is already uptodate.

<pictures/m3-eps-converted-to.pdf, id=37, 170.6375pt x 337.26pt>
File: pictures/m3-eps-converted-to.pdf Graphic file (type pdf)

<use pictures/m3-eps-converted-to.pdf>
Package pdftex.def Info: pictures/m3-eps-converted-to.pdf used on input line 44
.
(pdftex.def)             Requested size: 88.53229pt x 174.98509pt.
Package epstopdf Info: Source file: <pictures/m4.eps>
(epstopdf)                    date: 2016-03-04 16:22:23
(epstopdf)                    size: 9062 bytes
(epstopdf)             Output file: <pictures/m4-eps-converted-to.pdf>
(epstopdf)                    date: 2016-03-04 16:22:55
(epstopdf)                    size: 7294 bytes
(epstopdf)             Command: <repstopdf --outfile=pictures/m4-eps-converted-
to.pdf pictures/m4.eps>
(epstopdf)             \includegraphics on input line 46.
Package epstopdf Info: Output file is already uptodate.

<pictures/m4-eps-converted-to.pdf, id=38, 170.6375pt x 338.26375pt>
File: pictures/m4-eps-converted-to.pdf Graphic file (type pdf)

<use pictures/m4-eps-converted-to.pdf>
Package pdftex.def Info: pictures/m4-eps-converted-to.pdf used on input line 46
.
(pdftex.def)             Requested size: 88.53229pt x 175.50587pt.
Package epstopdf Info: Source file: <pictures/m5.eps>
(epstopdf)                    date: 2016-03-04 16:22:23
(epstopdf)                    size: 9087 bytes
(epstopdf)             Output file: <pictures/m5-eps-converted-to.pdf>
(epstopdf)                    date: 2016-03-04 16:22:55
(epstopdf)                    size: 7470 bytes
(epstopdf)             Command: <repstopdf --outfile=pictures/m5-eps-converted-
to.pdf pictures/m5.eps>
(epstopdf)             \includegraphics on input line 48.
Package epstopdf Info: Output file is already uptodate.

<pictures/m5-eps-converted-to.pdf, id=39, 170.6375pt x 338.26375pt>
File: pictures/m5-eps-converted-to.pdf Graphic file (type pdf)

<use pictures/m5-eps-converted-to.pdf>
Package pdftex.def Info: pictures/m5-eps-converted-to.pdf used on input line 48
.
(pdftex.def)             Requested size: 88.53229pt x 175.50587pt.


LaTeX Warning: No positions in optional float specifier.
               Default added (so using `!tbp') on input line 55.

Package epstopdf Info: Source file: <pictures/dy_m4.eps>
(epstopdf)                    date: 2016-03-04 16:22:23
(epstopdf)                    size: 8515 bytes
(epstopdf)             Output file: <pictures/dy_m4-eps-converted-to.pdf>
(epstopdf)                    date: 2016-03-04 16:22:55
(epstopdf)                    size: 6467 bytes
(epstopdf)             Command: <repstopdf --outfile=pictures/dy_m4-eps-convert
ed-to.pdf pictures/dy_m4.eps>
(epstopdf)             \includegraphics on input line 57.
Package epstopdf Info: Output file is already uptodate.
<pictures/dy_m4-eps-converted-to.pdf, id=40, 154.5775pt x 338.26375pt>
File: pictures/dy_m4-eps-converted-to.pdf Graphic file (type pdf)

<use pictures/dy_m4-eps-converted-to.pdf>
Package pdftex.def Info: pictures/dy_m4-eps-converted-to.pdf used on input line
 57.
(pdftex.def)             Requested size: 70.82428pt x 154.98898pt.
Package epstopdf Info: Source file: <pictures/dy_m5.eps>
(epstopdf)                    date: 2016-03-04 16:22:23
(epstopdf)                    size: 8637 bytes
(epstopdf)             Output file: <pictures/dy_m5-eps-converted-to.pdf>
(epstopdf)                    date: 2016-03-04 16:22:56
(epstopdf)                    size: 6720 bytes
(epstopdf)             Command: <repstopdf --outfile=pictures/dy_m5-eps-convert
ed-to.pdf pictures/dy_m5.eps>
(epstopdf)             \includegraphics on input line 59.
Package epstopdf Info: Output file is already uptodate.

<pictures/dy_m5-eps-converted-to.pdf, id=41, 154.5775pt x 338.26375pt>
File: pictures/dy_m5-eps-converted-to.pdf Graphic file (type pdf)

<use pictures/dy_m5-eps-converted-to.pdf>
Package pdftex.def Info: pictures/dy_m5-eps-converted-to.pdf used on input line
 59.
(pdftex.def)             Requested size: 70.82428pt x 154.98898pt.
Package epstopdf Info: Source file: <pictures/two_m1.eps>
(epstopdf)                    date: 2016-03-04 16:22:23
(epstopdf)                    size: 8645 bytes
(epstopdf)             Output file: <pictures/two_m1-eps-converted-to.pdf>
(epstopdf)                    date: 2016-03-04 16:22:56
(epstopdf)                    size: 6879 bytes
(epstopdf)             Command: <repstopdf --outfile=pictures/two_m1-eps-conver
ted-to.pdf pictures/two_m1.eps>
(epstopdf)             \includegraphics on input line 69.
Package epstopdf Info: Output file is already uptodate.

<pictures/two_m1-eps-converted-to.pdf, id=42, 168.63pt x 338.26375pt>
File: pictures/two_m1-eps-converted-to.pdf Graphic file (type pdf)

<use pictures/two_m1-eps-converted-to.pdf>
Package pdftex.def Info: pictures/two_m1-eps-converted-to.pdf used on input lin
e 69.
(pdftex.def)             Requested size: 82.45721pt x 165.40486pt.
Package epstopdf Info: Source file: <pictures/two_m2.eps>
(epstopdf)                    date: 2016-03-04 16:22:23
(epstopdf)                    size: 8567 bytes
(epstopdf)             Output file: <pictures/two_m2-eps-converted-to.pdf>
(epstopdf)                    date: 2016-03-04 16:22:56
(epstopdf)                    size: 6330 bytes
(epstopdf)             Command: <repstopdf --outfile=pictures/two_m2-eps-conver
ted-to.pdf pictures/two_m2.eps>
(epstopdf)             \includegraphics on input line 71.
Package epstopdf Info: Output file is already uptodate.

<pictures/two_m2-eps-converted-to.pdf, id=43, 168.63pt x 337.26pt>
File: pictures/two_m2-eps-converted-to.pdf Graphic file (type pdf)

<use pictures/two_m2-eps-converted-to.pdf>
Package pdftex.def Info: pictures/two_m2-eps-converted-to.pdf used on input lin
e 71.
(pdftex.def)             Requested size: 82.45721pt x 164.91405pt.
Package epstopdf Info: Source file: <pictures/two_m3.eps>
(epstopdf)                    date: 2016-03-04 16:22:23
(epstopdf)                    size: 8350 bytes
(epstopdf)             Output file: <pictures/two_m3-eps-converted-to.pdf>
(epstopdf)                    date: 2016-03-04 16:22:57
(epstopdf)                    size: 6262 bytes
(epstopdf)             Command: <repstopdf --outfile=pictures/two_m3-eps-conver
ted-to.pdf pictures/two_m3.eps>
(epstopdf)             \includegraphics on input line 73.
Package epstopdf Info: Output file is already uptodate.

<pictures/two_m3-eps-converted-to.pdf, id=44, 168.63pt x 338.26375pt>
File: pictures/two_m3-eps-converted-to.pdf Graphic file (type pdf)

<use pictures/two_m3-eps-converted-to.pdf>
Package pdftex.def Info: pictures/two_m3-eps-converted-to.pdf used on input lin
e 73.
(pdftex.def)             Requested size: 82.45721pt x 165.40486pt.
Package epstopdf Info: Source file: <pictures/two_m4.eps>
(epstopdf)                    date: 2016-03-04 16:22:23
(epstopdf)                    size: 8294 bytes
(epstopdf)             Output file: <pictures/two_m4-eps-converted-to.pdf>
(epstopdf)                    date: 2016-03-04 16:22:57
(epstopdf)                    size: 6258 bytes
(epstopdf)             Command: <repstopdf --outfile=pictures/two_m4-eps-conver
ted-to.pdf pictures/two_m4.eps>
(epstopdf)             \includegraphics on input line 75.
Package epstopdf Info: Output file is already uptodate.

<pictures/two_m4-eps-converted-to.pdf, id=45, 168.63pt x 337.26pt>
File: pictures/two_m4-eps-converted-to.pdf Graphic file (type pdf)

<use pictures/two_m4-eps-converted-to.pdf>
Package pdftex.def Info: pictures/two_m4-eps-converted-to.pdf used on input lin
e 75.
(pdftex.def)             Requested size: 82.45721pt x 164.91405pt.
Package epstopdf Info: Source file: <pictures/two_m5.eps>
(epstopdf)                    date: 2016-03-04 16:22:23
(epstopdf)                    size: 8572 bytes
(epstopdf)             Output file: <pictures/two_m5-eps-converted-to.pdf>
(epstopdf)                    date: 2016-03-04 16:22:57
(epstopdf)                    size: 6407 bytes
(epstopdf)             Command: <repstopdf --outfile=pictures/two_m5-eps-conver
ted-to.pdf pictures/two_m5.eps>
(epstopdf)             \includegraphics on input line 77.
Package epstopdf Info: Output file is already uptodate.

<pictures/two_m5-eps-converted-to.pdf, id=46, 168.63pt x 338.26375pt>
File: pictures/two_m5-eps-converted-to.pdf Graphic file (type pdf)

<use pictures/two_m5-eps-converted-to.pdf>
Package pdftex.def Info: pictures/two_m5-eps-converted-to.pdf used on input lin
e 77.
(pdftex.def)             Requested size: 82.45721pt x 165.40486pt.
Package epstopdf Info: Source file: <pictures/two_m6.eps>
(epstopdf)                    date: 2016-03-04 16:22:23
(epstopdf)                    size: 8338 bytes
(epstopdf)             Output file: <pictures/two_m6-eps-converted-to.pdf>
(epstopdf)                    date: 2016-03-04 16:22:57
(epstopdf)                    size: 6480 bytes
(epstopdf)             Command: <repstopdf --outfile=pictures/two_m6-eps-conver
ted-to.pdf pictures/two_m6.eps>
(epstopdf)             \includegraphics on input line 79.
Package epstopdf Info: Output file is already uptodate.

<pictures/two_m6-eps-converted-to.pdf, id=47, 168.63pt x 337.26pt>
File: pictures/two_m6-eps-converted-to.pdf Graphic file (type pdf)

<use pictures/two_m6-eps-converted-to.pdf>
Package pdftex.def Info: pictures/two_m6-eps-converted-to.pdf used on input lin
e 79.
(pdftex.def)             Requested size: 82.45721pt x 164.91405pt.
 [6]) (./conclusions.tex)
(./humanAwareNav.bbl [7 <./pictures/m1-eps-converted-to.pdf> <./pictures/m2-eps
-converted-to.pdf> <./pictures/m3-eps-converted-to.pdf> <./pictures/m4-eps-conv
erted-to.pdf> <./pictures/m5-eps-converted-to.pdf> <./pictures/two_m1-eps-conve
rted-to.pdf> <./pictures/two_m2-eps-converted-to.pdf> <./pictures/two_m3-eps-co
nverted-to.pdf> <./pictures/two_m4-eps-converted-to.pdf> <./pictures/two_m5-eps
-converted-to.pdf> <./pictures/two_m6-eps-converted-to.pdf>])

** Conference Paper **
Before submitting the final camera ready copy, remember to:

 1. Manually equalize the lengths of two columns on the last page
 of your paper;

 2. Ensure that any PostScript and/or PDF output post-processing
 uses only Type 1 fonts and that every step in the generation
 process uses the US letter (8.5in X 11in) paper size.

[8 <./pictures/traj1-eps-converted-to.pdf> <./pictures/traj2-eps-converted-to.p
df> <./pictures/traj3-eps-converted-to.pdf> <./pictures/dy_m4-eps-converted-to.
pdf> <./pictures/dy_m5-eps-converted-to.pdf>] (./humanAwareNav.aux)

LaTeX Warning: Label(s) may have changed. Rerun to get cross-references right.

 ) 
Here is how much of TeX's memory you used:
 4431 strings out of 493493
 67229 string characters out of 3143798
 135257 words of memory out of 3000000
 7585 multiletter control sequences out of 15000+200000
 69040 words of font info for 150 fonts, out of 3000000 for 9000
 957 hyphenation exceptions out of 8191
 38i,12n,46p,1180b,337s stack positions out of 5000i,500n,10000p,200000b,50000s
{/usr/share/texlive/texmf-dist/fonts/enc/dvips/base/8r.enc}</usr/share/texliv
e/texmf-dist/fonts/type1/public/amsfonts/cm/cmex10.pfb></usr/share/texlive/texm
f-dist/fonts/type1/public/amsfonts/cm/cmmi10.pfb></usr/share/texlive/texmf-dist
/fonts/type1/public/amsfonts/cm/cmr10.pfb></usr/share/texlive/texmf-dist/fonts/
type1/public/amsfonts/cm/cmsy10.pfb></usr/share/texlive/texmf-dist/fonts/type1/
public/amsfonts/cm/cmsy9.pfb></usr/share/texlive/texmf-dist/fonts/type1/urw/cou
rier/ucrr8a.pfb></usr/share/texlive/texmf-dist/fonts/type1/urw/symbol/usyr.pfb>
</usr/share/texlive/texmf-dist/fonts/type1/urw/symbol/usyr.pfb></usr/share/texl
ive/texmf-dist/fonts/type1/urw/times/utmb8a.pfb></usr/share/texlive/texmf-dist/
fonts/type1/urw/times/utmbi8a.pfb></usr/share/texlive/texmf-dist/fonts/type1/ur
w/times/utmr8a.pfb></usr/share/texlive/texmf-dist/fonts/type1/urw/times/utmri8a
.pfb>
Output written on humanAwareNav.pdf (8 pages, 1176055 bytes).
PDF statistics:
 199 PDF objects out of 1000 (max. 8388607)
 0 named destinations out of 1000 (max. 500000)
 91 words of extra memory for PDF output out of 10000 (max. 10000000)

